<?xml version="1.0" encoding="UTF-8"?>
<!-- Generated by org.testng.reporters.JUnitReportReporter -->
<testsuite hostname="DESKTOP-FR6LSOP" failures="0" tests="2" name="test.firstTest" time="0.012" errors="0" timestamp="2025-07-16T11:38:35 IST" skipped="0">
  <testcase classname="test.firstTest" name="first_test" time="0.011"/>
  <testcase classname="test.firstTest" name="second_test" time="0.001"/>
</testsuite> <!-- test.firstTest -->
